<?xml version="1.0" encoding="utf-8"?><testsuites name="pytest tests"><testsuite name="pytest" errors="0" failures="0" skipped="0" tests="13" time="4.170" timestamp="2026-05-13T08:03:30.734915+00:00" hostname="agent-env-605a17b8-7c67-4783-9bb8-324b25bb9d3d"><testcase classname="backend.tests.backend_test.TestAuth" name="test_login_invalid" time="0.581" /><testcase classname="backend.tests.backend_test.TestAuth" name="test_me" time="0.373" /><testcase classname="backend.tests.backend_test.TestAuth" name="test_register_new" time="1.368" /><testcase classname="backend.tests.backend_test.TestAuth" name="test_register_dup" time="0.107" /><testcase classname="backend.tests.backend_test.TestAuth" name="test_me_unauth" time="0.097" /><testcase classname="backend.tests.backend_test.TestVehicles" name="test_list" time="0.046" /><testcase classname="backend.tests.backend_test.TestVehicles" name="test_crud" time="0.179" /><testcase classname="backend.tests.backend_test.TestLogs" name="test_maintenance" time="0.268" /><testcase classname="backend.tests.backend_test.TestLogs" name="test_maintenance_bad_vehicle" time="0.048" /><testcase classname="backend.tests.backend_test.TestLogs" name="test_fuel" time="0.195" /><testcase classname="backend.tests.backend_test.TestLogs" name="test_expenses" time="0.224" /><testcase classname="backend.tests.backend_test.TestDashboard" name="test_stats" time="0.047" /><testcase classname="backend.tests.backend_test.TestLogout" name="test_logout" time="0.377" /></testsuite></testsuites>